Матрица p:
    800     800     800     800     800     800     800     800     800     800     800 
     20      20      20      20      20      20      20      20      20      20     800 
     20      20      20      20      20      20      20      20      20      20     800 
     20      20      20      20      20      20      20      20      20      20     800 
     20      20      20      20      20      20      20      20      20      20     800 
     20      20      20      20      20      20      20      20      20      20     800 
     20      20      20      20      20      20      20      20      20      20     800 
     20      20      20      20      20      20      20      20      20      20     800 
     20      20      20      20      20      20      20      20      20      20     800 
     20      20      20      20      20      20      20      20      20      20     800 
     20      20      20      20      20      20      20      20      20      20     800 

Матрица p:
    800     800     800     800     800     800     800     800     800     800     800 
497.539 497.539 498.248  499.91 503.102 508.955 519.623 539.266 576.279 648.799     800 
313.755 313.755 315.106 318.268 324.317 335.334 355.177 390.979  456.12 576.116     800 
202.057 202.057 203.931 208.305 216.642 231.722 258.565 306.097 390.136 538.573     800 
    134     134 136.237 141.455 151.385 169.279 200.903 256.235 352.286 517.683     800 
92.2076 92.2076 94.6196 100.258 111.011 130.426 164.759 224.712 328.162 504.296     800 
66.0548 66.0548 68.4308 74.0106 84.7287 104.262 139.183 200.872 308.395 492.411     800 
49.0396 49.0396 51.1457 56.1276 65.8134 83.7736 116.636 176.415 284.233 475.056     800 
37.1783 37.1783 38.7714 42.5726 50.0771 64.3266 91.3325 143.022 243.124 437.345     800 
28.0185 28.0185 28.8817 30.9575 35.1152 43.2047 59.1785 91.9712 163.678 335.535     800 
     20      20      20      20      20      20      20      20      20      20     800 

Матрица p:
    800     800     800     800     800     800     800     800     800     800     800 
616.386 616.386 617.817 620.977 626.505 635.456 649.397 670.483 701.376 744.597     800 
461.053 461.053 463.795 469.852 480.439 497.547 524.092 563.965 621.696 700.963     800 
339.802 339.802 343.632 352.094 366.882 390.755 427.687 482.835 561.875 668.771     800 
249.157 249.157 253.764 263.955 281.801 310.661 355.346 421.998 517.131 644.797     800 
182.694 182.694 187.693 198.786 218.311 250.088  299.65  374.12 481.067 625.063     800 
133.854 133.854 138.795 149.819 169.392 201.647  252.77 331.116 446.181 604.581     800 
97.0229 97.0229 101.405 111.254 128.958 158.683 207.063 283.953 402.407 575.123     800 
67.8049 67.8049 71.1153 78.6135 92.2894 115.791 155.454  222.11 333.913 518.522     800 
42.9332 42.9332 44.7235 48.8057  56.348 69.6052 92.8816 134.893 215.311 385.345     800 
     20      20      20      20      20      20      20      20      20      20     800 

Матрица p:
    800     800     800     800     800     800     800     800     800     800     800 
664.357 664.357 666.161 669.996 676.314 685.765 699.133 717.187  740.41 768.545     800 
538.904 538.904 542.376 549.764 561.948 580.192 606.013 640.882 685.667 739.757     800 
429.442 429.442 434.319 444.715 461.899 487.702 524.324 573.891 637.612 714.513     800 
337.513 337.513 343.416 356.034 376.984 408.628 453.852 515.507 595.312  692.12     800 
 261.77  261.77 268.211  282.04  305.17 340.467 391.576 462.352 555.554 670.487     800 
199.355 199.355 205.748 219.559 242.904 279.088 332.613 408.829 512.685 645.629     800 
146.921 146.921 152.606 164.979 186.177 219.729 270.919 347.095 457.354 609.608     800 
101.278 101.278 105.575 115.004   131.4 157.996 200.202 267.065 373.767 544.067     800 
59.7045 59.7045 62.0286  67.161 76.2001 91.2025 116.014 158.434 236.544 399.282     800 
     20      20      20      20      20      20      20      20      20      20     800 

Матрица p:
    800     800     800     800     800     800     800     800     800     800     800 
 690.31  690.31  692.19 696.097 702.309 711.182 723.075 738.215 756.534 777.496     800 
585.229 585.229 588.859 596.416 608.455   625.7 648.888 678.508 714.458 755.687     800 
488.098 488.098 493.223 503.917  521.02 545.652 578.988 621.876   674.3 734.777     800 
400.507 400.507 406.744 419.808 440.835 471.389 513.203 567.706 635.261 714.188     800 
322.427 322.427  329.27  343.68 367.088 401.555 449.566 513.533 594.837 692.229     800 
252.669 252.669 259.493 273.964  297.76 333.451 384.468  454.82 548.145 665.327     800 
189.416 189.416 195.505 208.523 230.251 263.613     313  384.63 486.461 625.857     800 
130.698 130.698 135.312  145.26 162.127 188.719  229.81 293.624 394.488 555.704     800 
74.7211 74.7211 77.2194 82.6421  91.959 107.007   131.3 172.206 247.344 405.381     800 
     20      20      20      20      20      20      20      20      20      20     800 

Матрица p:
    800     800     800     800     800     800     800     800     800     800     800 
706.281 706.281 708.087 711.796 717.579 725.645 736.169   749.2 764.562 781.767     800 
614.748 614.748 618.246 625.442 636.694 652.449 673.103 698.816  729.29 763.571     800 
527.097 527.097 532.056 542.286 558.367 581.042 611.031 648.747 693.918   745.2     800 
444.237 444.237 450.302 462.871 482.783 511.167 549.242 597.941 657.339 725.917     800 
366.244 366.244 372.933  386.88 409.212 441.547  485.84 543.996 617.098 704.061     800 
292.518 292.518  299.22 313.305 336.169 369.968 417.641  482.72 568.561 676.189     800 
222.051 222.051 228.056 240.788 261.791 293.646  340.33 407.658  503.34  634.85     800 
153.737 153.737 158.302 168.066 184.446 210.002 249.209 309.998 406.511 562.119     800 
86.6194 86.6194 89.0954 94.4296 103.504 118.027 141.357 180.706 253.594  408.72     800 
     20      20      20      20      20      20      20      20      20      20     800 

Матрица p:
    800     800     800     800     800     800     800     800     800     800     800 
716.619 716.619 718.306 721.751 727.074 734.419 743.892 755.493 769.039   784.1     800 
634.135 634.135 637.411  644.11 654.501 668.903 687.585 710.615 737.683 767.946     800 
553.222 553.222 557.882 567.446 582.367 603.219 630.552  664.65 705.228 751.094     800 
474.181 474.181 479.906 491.716 510.302 536.601 571.632 616.183 670.311 732.678     800 
396.902 396.902 403.245 416.421 437.403  467.61 508.789 562.698   630.4 710.995     800 
320.943 320.943  327.33 340.707 362.327 394.161 438.953 500.095 580.924 682.634     800 
245.705 245.705 251.451 263.599 283.575 313.803 358.096 422.149 513.656  640.23     800 
170.636 170.636 175.017 184.368 200.019 224.418 261.921 320.372 413.899 565.974     800 
95.4097 95.4097 97.7911 102.912 111.609 125.532 147.977  186.11 257.444 410.729     800 
     20      20      20      20      20      20      20      20      20      20     800 

Матрица p:
    800     800     800     800     800     800     800     800     800     800     800 
723.443 723.443 725.016  728.22 733.156 739.942 748.663 759.311 771.713 785.479     800 
647.018 647.018 650.078 656.324 665.983 679.331 696.594 717.822 742.729 770.548     800 
570.755 570.755 575.121 584.067 597.994  617.41  642.81 674.457 712.094 754.635     800 
494.508 494.508 499.892 510.987  528.42 553.055 585.845 627.552 678.272 736.782     800 
417.959 417.959  423.95 436.386 456.174 484.657 523.516 574.479 638.649 715.248     800 
340.683 340.683  346.74 359.424 379.926 410.146 452.763 511.143  588.66 686.623     800 
262.285 262.285 267.754 279.322 298.361 327.233 369.701 431.434 520.158 643.583     800 
182.564 182.564 186.746  195.68 210.658 234.083 270.273 327.055  418.58 568.387     800 
101.642 101.642  103.92 108.823 117.168 130.583 152.342 189.604 259.891 411.991     800 
     20      20      20      20      20      20      20      20      20      20     800 

Матрица p:
    800     800     800     800     800     800     800     800     800     800     800 
 727.98  727.98  729.46 732.475 737.118 743.499 751.698 761.711 773.377 786.332     800 
655.614 655.614 658.498 664.385 673.488 686.067 702.343 722.368 745.882 772.163     800 
582.512 582.512 586.638 595.094 608.259 626.625 650.673 680.674 716.406 756.844     800 
508.224 508.224 513.328  523.85 540.394 563.803 595.017 634.805 683.301 739.359     800 
432.261 432.261  437.96 449.798  468.66 495.864 533.079 582.041 643.893 717.934     800 
354.173 354.173 359.955 372.075 391.704 420.718 461.784 518.276 593.606 689.158     800 
273.678 273.678 278.914 290.006 308.307 336.161 377.319 437.458 524.335 645.723     800 
190.794 190.794 194.809 203.399 217.844 240.533 275.777 331.407 421.598 569.934     800 
105.953 105.953 108.143 112.866 120.932 133.961 155.225 191.884 261.472 412.801     800 
     20      20      20      20      20      20      20      20      20      20     800 

Матрица p:
    800     800     800     800     800     800     800     800     800     800     800 
731.005 731.005 732.416 735.291 739.723  745.82 753.663 763.253  774.44 786.874     800 
661.355 661.355 664.108  669.73 678.432 690.472 706.072 725.295   747.9 773.193     800 
590.386 590.386 594.333 602.425  615.04 632.666 655.788 684.689 719.173 758.256     800 
517.441 517.441 522.334 532.431 548.332 570.874 601.003 639.504 686.541 741.012     800 
441.906 441.906 447.385 458.778 476.966 503.264 539.343 586.958 647.282 719.664     800 
363.304 363.304 368.876 380.576 399.566 427.722 467.714 522.931 596.815 690.795     800 
281.413 281.413 286.472 297.207 314.967 342.094 382.342 441.401 527.053  647.11     800 
196.395 196.395 200.282 208.613 222.667 244.829 279.414 334.262 423.566 570.938     800 
108.892 108.892 111.014 115.602 123.463 136.215 157.134 193.381 262.504 413.328     800 
     20      20      20      20      20      20      20      20      20      20     800 

Матрица p:
    800     800     800     800     800     800     800     800     800     800     800 
733.023 733.023 734.385 737.161 741.446 747.347  754.95 764.258 775.131 787.226     800 
665.189 665.189 667.848 673.283 681.705 693.373 708.515 727.205 749.211 773.861     800 
595.653 595.653 599.471 607.306 619.535 636.651 659.145 687.312 720.975 759.173     800 
523.617 523.617  528.36 538.154 553.603 575.547  604.94  642.58 688.653 742.087     800 
448.383 448.383 453.703  464.78 482.494 508.164 543.471 590.183 649.497 720.792     800 
369.448 369.448  374.87 386.268 404.809  432.37 471.629  525.99 598.915 691.864     800 
286.626 286.626 291.558 302.038 319.417 346.038 385.664 443.996 528.836 648.017     800 
200.176 200.176  203.97 212.117 225.893 247.689 281.824 336.145 424.859 571.596     800 
110.877 110.877 112.951 117.441 125.157 137.717 158.399  194.37 263.183 413.673     800 
     20      20      20      20      20      20      20      20      20      20     800 

